
--------- STARTING OF device_properties
Fri Nov  7 17:03:45 IST 2025

-----------------------------------------------------------------------------
_=/system/bin/env
ANDROID_DATA=/data
DOWNLOAD_CACHE=/data/cache
RACE_LOG_PREF=RACE_LOG:-s:-a:-l3
STANDALONE_SYSTEMSERVER_JARS=/apex/com.android.btservices/javalib/service-bluetooth.jar:/apex/com.android.os.statsd/javalib/service-statsd.jar:/apex/com.android.scheduling/javalib/service-scheduling.jar:/apex/com.android.tethering/javalib/service-connectivity.jar:/apex/com.android.uwb/javalib/service-uwb.jar:/apex/com.android.wifi/javalib/service-wifi.jar
DEX2OATBOOTCLASSPATH=/apex/com.android.art/javalib/core-oj.jar:/apex/com.android.art/javalib/core-libart.jar:/apex/com.android.art/javalib/okhttp.jar:/apex/com.android.art/javalib/bouncycastle.jar:/apex/com.android.art/javalib/apache-xml.jar:/system/framework/framework.jar:/system/framework/framework-graphics.jar:/system/framework/ext.jar:/system/framework/telephony-common.jar:/system/framework/voip-common.jar:/system/framework/ims-common.jar:/system/framework/mediatek-telephony-base.jar:/system/framework/mediatek-telephony-common.jar:/system/framework/mediatek-carrier-config-manager.jar:/system/framework/mediatek-common.jar:/system/framework/mediatek-framework.jar:/system/framework/mediatek-ims-common.jar:/system/framework/mediatek-ims-base.jar:/system/framework/mediatek-telecom-common.jar:/system/framework/android.car.builtin.jar:/system/framework/mediatek-spm-sdk.jar:/system/framework/visteon.vistcar.jar:/system/framework/visteon.vistcar.builtin.jar:/system/framework/visteon.core.jar:/apex/com.android.i18n/javalib/core-icu4j.jar
ANDROID_TZDATA_ROOT=/apex/com.android.tzdata
ANDROID_BOOTLOGO=1
ANDROID_ASSETS=/system/app
BOOTCLASSPATH=/apex/com.android.art/javalib/core-oj.jar:/apex/com.android.art/javalib/core-libart.jar:/apex/com.android.art/javalib/okhttp.jar:/apex/com.android.art/javalib/bouncycastle.jar:/apex/com.android.art/javalib/apache-xml.jar:/system/framework/framework.jar:/system/framework/framework-graphics.jar:/system/framework/ext.jar:/system/framework/telephony-common.jar:/system/framework/voip-common.jar:/system/framework/ims-common.jar:/system/framework/mediatek-telephony-base.jar:/system/framework/mediatek-telephony-common.jar:/system/framework/mediatek-carrier-config-manager.jar:/system/framework/mediatek-common.jar:/system/framework/mediatek-framework.jar:/system/framework/mediatek-ims-common.jar:/system/framework/mediatek-ims-base.jar:/system/framework/mediatek-telecom-common.jar:/system/framework/android.car.builtin.jar:/system/framework/mediatek-spm-sdk.jar:/system/framework/visteon.vistcar.jar:/system/framework/visteon.vistcar.builtin.jar:/system/framework/visteon.core.jar:/apex/com.android.i18n/javalib/core-icu4j.jar:/apex/com.android.adservices/javalib/framework-adservices.jar:/apex/com.android.adservices/javalib/framework-sdksandbox.jar:/apex/com.android.appsearch/javalib/framework-appsearch.jar:/apex/com.android.btservices/javalib/framework-bluetooth.jar:/apex/com.android.car.framework/javalib/android.car-module.jar:/apex/com.android.conscrypt/javalib/conscrypt.jar:/apex/com.android.ipsec/javalib/android.net.ipsec.ike.jar:/apex/com.android.media/javalib/updatable-media.jar:/apex/com.android.mediaprovider/javalib/framework-mediaprovider.jar:/apex/com.android.ondevicepersonalization/javalib/framework-ondevicepersonalization.jar:/apex/com.android.os.statsd/javalib/framework-statsd.jar:/apex/com.android.permission/javalib/framework-permission.jar:/apex/com.android.permission/javalib/framework-permission-s.jar:/apex/com.android.scheduling/javalib/framework-scheduling.jar:/apex/com.android.sdkext/javalib/framework-sdkextensions.jar:/apex/com.android.tethering/javalib/framework-connectivity.jar:/apex/com.android.tethering/javalib/framework-connectivity-t.jar:/apex/com.android.tethering/javalib/framework-tethering.jar:/apex/com.android.uwb/javalib/framework-uwb.jar:/apex/com.android.wifi/javalib/framework-wifi.jar
ASEC_MOUNTPOINT=/mnt/asec
EXTERNAL_STORAGE=/sdcard
ANDROID_ART_ROOT=/apex/com.android.art
DEVMGR_LOG_PREF=DEVMGR_LOG:-s:-a:-l3
ANDROID_STORAGE=/storage
PATH=/product/bin:/apex/com.android.runtime/bin:/apex/com.android.art/bin:/system_ext/bin:/system/bin:/system/xbin:/odm/bin:/vendor/bin:/vendor/xbin
SYSTEMSERVERCLASSPATH=/system/framework/car-frameworks-service.jar:/system/framework/com.android.location.provider.jar:/system/framework/services.jar:/apex/com.android.adservices/javalib/service-adservices.jar:/apex/com.android.adservices/javalib/service-sdksandbox.jar:/apex/com.android.appsearch/javalib/service-appsearch.jar:/apex/com.android.art/javalib/service-art.jar:/apex/com.android.car.framework/javalib/car-frameworks-service-module.jar:/apex/com.android.media/javalib/service-media-s.jar:/apex/com.android.permission/javalib/service-permission.jar
ANDROID_ROOT=/system
ANDROID_I18N_ROOT=/apex/com.android.i18n

-----------------------------------------------------------------------------
[Build.BRAND]: [MTK]
[aaudio.mmap_exclusive_policy]: [1]
[aaudio.mmap_policy]: [1]
[android.car.number_pre_created_guests]: [0]
[android.car.number_pre_created_users]: [0]
[android.car.user_hal_enabled]: [false]
[animating_ack]: [2]
[apexd.status]: [ready]
[bluetooth.device.class_of_device]: [38,4,32]
[bluetooth.profile.a2dp.sink.enabled]: [true]
[bluetooth.profile.a2dp.source.enabled]: [false]
[bluetooth.profile.avrcp.controller.enabled]: [true]
[bluetooth.profile.avrcp.target.enabled]: [false]
[bluetooth.profile.bap.broadcast.assist.enabled]: [false]
[bluetooth.profile.bap.broadcast.source.enabled]: [false]
[bluetooth.profile.bap.unicast.client.enabled]: [false]
[bluetooth.profile.bas.client.enabled]: [false]
[bluetooth.profile.gatt.enabled]: [true]
[bluetooth.profile.hfp.ag.enabled]: [false]
[bluetooth.profile.hfp.hf.enabled]: [true]
[bluetooth.profile.hid.device.enabled]: [false]
[bluetooth.profile.hid.host.enabled]: [false]
[bluetooth.profile.map.client.enabled]: [true]
[bluetooth.profile.map.server.enabled]: [false]
[bluetooth.profile.opp.enabled]: [false]
[bluetooth.profile.pan.nap.enabled]: [false]
[bluetooth.profile.pan.panu.enabled]: [false]
[bluetooth.profile.pbap.client.enabled]: [true]
[bluetooth.profile.pbap.server.enabled]: [false]
[boot.car_service_created]: [1]
[bootreceiver.enable]: [1]
[bpf.progs_loaded]: [1]
[build.version.extensions.r]: [3]
[build.version.extensions.s]: [3]
[build.version.extensions.t]: [3]
[cache_key.display_info]: [4637492639512206392]
[cache_key.get_packages_for_uid]: [4637492639512206422]
[cache_key.has_system_feature]: [4637492639512206376]
[cache_key.is_compat_change_enabled]: [4637492639512206380]
[cache_key.is_interactive]: [4637492639512206361]
[cache_key.is_power_save_mode]: [4637492639512206387]
[cache_key.is_user_unlocked]: [4637492639512206420]
[cache_key.location_enabled]: [4637492639512206386]
[cache_key.package_info]: [4637492639512206423]
[cache_key.system_server.get_credential_type]: [4637492639512206397]
[camera.disable_zsl_mode]: [1]
[config.disable_systemtextclassifier]: [true]
[dalvik.vm.appimageformat]: [lz4]
[dalvik.vm.dex2oat-Xms]: [64m]
[dalvik.vm.dex2oat-Xmx]: [512m]
[dalvik.vm.dex2oat-max-image-block-size]: [524288]
[dalvik.vm.dex2oat-minidebuginfo]: [true]
[dalvik.vm.dex2oat-resolve-startup-strings]: [true]
[dalvik.vm.dexopt.secondary]: [true]
[dalvik.vm.dexopt.thermal-cutoff]: [2]
[dalvik.vm.heapgrowthlimit]: [256m]
[dalvik.vm.heapmaxfree]: [8m]
[dalvik.vm.heapminfree]: [512k]
[dalvik.vm.heapsize]: [512m]
[dalvik.vm.heaptargetutilization]: [0.75]
[dalvik.vm.image-dex2oat-Xms]: [64m]
[dalvik.vm.image-dex2oat-Xmx]: [64m]
[dalvik.vm.isa.arm.features]: [default]
[dalvik.vm.isa.arm.variant]: [cortex-a55]
[dalvik.vm.isa.arm64.features]: [default]
[dalvik.vm.isa.arm64.variant]: [cortex-a55]
[dalvik.vm.madvise.artfile.size]: [4294967295]
[dalvik.vm.madvise.odexfile.size]: [104857600]
[dalvik.vm.madvise.vdexfile.size]: [104857600]
[dalvik.vm.minidebuginfo]: [true]
[dalvik.vm.mtk-stack-trace-file]: [/data/anr/mtk_traces.txt]
[dalvik.vm.ps-min-first-save-ms]: [150000]
[dalvik.vm.usejit]: [true]
[dalvik.vm.usejitprofiles]: [true]
[debug.atrace.tags.enableflags]: [0]
[debug.force_rtl]: [false]
[debug.mediatek.appgamepq_compress]: [1]
[debug.mediatek.disp_decompress]: [1]
[debug.mtk_tflite.target_nnapi]: [29]
[debug.renderengine.backend]: [skiagl]
[debug.sf.disable_backpressure]: [1]
[debug.sf.early.app.duration]: [20000000]
[debug.sf.early.sf.duration]: [27600000]
[debug.sf.earlyGl.app.duration]: [20000000]
[debug.sf.earlyGl.sf.duration]: [27600000]
[debug.sf.enable_transaction_tracing]: [false]
[debug.sf.hwc.min.duration]: [23000000]
[debug.sf.latch_unsignaled]: [true]
[debug.sf.late.app.duration]: [20000000]
[debug.sf.late.sf.duration]: [27600000]
[debug.sf.mtk_ext_remove_compressed]: [1]
[debug.sf.nobootanimation]: [0]
[debug.sf.predict_hwc_composition_strategy]: [0]
[debug.sf.use_phase_offsets_as_durations]: [1]
[debug.stagefright.c2inputsurface]: [-1]
[debug.tracing.screen_brightness]: [0.4015748]
[dev.bootcomplete]: [1]
[dev.mnt.blk.calibration]: [mmcblk0p57]
[dev.mnt.blk.data]: [mmcblk0p62]
[dev.mnt.blk.data.user.0]: [mmcblk0p62]
[dev.mnt.blk.data_mirror.cur_profiles]: [mmcblk0p62]
[dev.mnt.blk.data_mirror.data_ce.null]: [mmcblk0p62]
[dev.mnt.blk.data_mirror.data_ce.null.0]: [mmcblk0p62]
[dev.mnt.blk.data_mirror.data_de.null]: [mmcblk0p62]
[dev.mnt.blk.data_mirror.ref_profiles]: [mmcblk0p62]
[dev.mnt.blk.dvr]: [mmcblk0p60]
[dev.mnt.blk.metadata]: [mmcblk0p13]
[dev.mnt.blk.mnt.mtkdata]: [mmcblk0p55]
[dev.mnt.blk.mnt.vendor.nvcfg]: [mmcblk0p5]
[dev.mnt.blk.mnt.vendor.nvdata]: [mmcblk0p6]
[dev.mnt.blk.mnt.vendor.persist]: [mmcblk0p15]
[dev.mnt.blk.mnt.vendor.protect_f]: [mmcblk0p16]
[dev.mnt.blk.mnt.vendor.protect_s]: [mmcblk0p17]
[dev.mnt.blk.odm_dlkm]: [mmcblk0p54]
[dev.mnt.blk.otadownload]: [mmcblk0p56]
[dev.mnt.blk.product]: [mmcblk0p54]
[dev.mnt.blk.root]: [mmcblk0p54]
[dev.mnt.blk.svs]: [mmcblk0p61]
[dev.mnt.blk.system_dlkm]: [mmcblk0p54]
[dev.mnt.blk.vendor]: [mmcblk0p54]
[dev.mnt.blk.vendor_dlkm]: [mmcblk0p54]
[dev.mnt.blk.vrdata]: [mmcblk0p58]
[dev.mnt.dev.calibration]: [mmcblk0p57]
[dev.mnt.dev.data]: [dm-12]
[dev.mnt.dev.data.user.0]: [dm-12]
[dev.mnt.dev.data_mirror.cur_profiles]: [dm-12]
[dev.mnt.dev.data_mirror.data_ce.null]: [dm-12]
[dev.mnt.dev.data_mirror.data_ce.null.0]: [dm-12]
[dev.mnt.dev.data_mirror.data_de.null]: [dm-12]
[dev.mnt.dev.data_mirror.ref_profiles]: [dm-12]
[dev.mnt.dev.dvr]: [mmcblk0p60]
[dev.mnt.dev.metadata]: [mmcblk0p13]
[dev.mnt.dev.mnt.mtkdata]: [mmcblk0p55]
[dev.mnt.dev.mnt.vendor.nvcfg]: [mmcblk0p5]
[dev.mnt.dev.mnt.vendor.nvdata]: [mmcblk0p6]
[dev.mnt.dev.mnt.vendor.persist]: [mmcblk0p15]
[dev.mnt.dev.mnt.vendor.protect_f]: [mmcblk0p16]
[dev.mnt.dev.mnt.vendor.protect_s]: [mmcblk0p17]
[dev.mnt.dev.odm_dlkm]: [dm-6]
[dev.mnt.dev.otadownload]: [mmcblk0p56]
[dev.mnt.dev.product]: [dm-7]
[dev.mnt.dev.root]: [dm-8]
[dev.mnt.dev.svs]: [mmcblk0p61]
[dev.mnt.dev.system_dlkm]: [dm-9]
[dev.mnt.dev.vendor]: [dm-10]
[dev.mnt.dev.vendor_dlkm]: [dm-11]
[dev.mnt.dev.vrdata]: [mmcblk0p58]
[dev.mnt.rootdisk.calibration]: [mmcblk0]
[dev.mnt.rootdisk.data]: [mmcblk0]
[dev.mnt.rootdisk.data.user.0]: [mmcblk0]
[dev.mnt.rootdisk.data_mirror.cur_profiles]: [mmcblk0]
[dev.mnt.rootdisk.data_mirror.data_ce.null]: [mmcblk0]
[dev.mnt.rootdisk.data_mirror.data_ce.null.0]: [mmcblk0]
[dev.mnt.rootdisk.data_mirror.data_de.null]: [mmcblk0]
[dev.mnt.rootdisk.data_mirror.ref_profiles]: [mmcblk0]
[dev.mnt.rootdisk.dvr]: [mmcblk0]
[dev.mnt.rootdisk.metadata]: [mmcblk0]
[dev.mnt.rootdisk.mnt.mtkdata]: [mmcblk0]
[dev.mnt.rootdisk.mnt.vendor.nvcfg]: [mmcblk0]
[dev.mnt.rootdisk.mnt.vendor.nvdata]: [mmcblk0]
[dev.mnt.rootdisk.mnt.vendor.persist]: [mmcblk0]
[dev.mnt.rootdisk.mnt.vendor.protect_f]: [mmcblk0]
[dev.mnt.rootdisk.mnt.vendor.protect_s]: [mmcblk0]
[dev.mnt.rootdisk.odm_dlkm]: [mmcblk0]
[dev.mnt.rootdisk.otadownload]: [mmcblk0]
[dev.mnt.rootdisk.product]: [mmcblk0]
[dev.mnt.rootdisk.root]: [mmcblk0]
[dev.mnt.rootdisk.svs]: [mmcblk0]
[dev.mnt.rootdisk.system_dlkm]: [mmcblk0]
[dev.mnt.rootdisk.vendor]: [mmcblk0]
[dev.mnt.rootdisk.vendor_dlkm]: [mmcblk0]
[dev.mnt.rootdisk.vrdata]: [mmcblk0]
[drm.service.enabled]: [true]
[enable_late_rvc]: [1]
[external_storage.casefold.enabled]: [1]
[external_storage.projid.enabled]: [1]
[external_storage.sdcardfs.enabled]: [0]
[graphics.gpu.profiler.support]: [true]
[gsid.image_installed]: [0]
[hmi_ready]: [2]
[hmi_ready_ack]: [1]
[hwservicemanager.ready]: [true]
[init.svc.PersistencyAidlService]: [running]
[init.svc.Someip_cli_listener]: [running]
[init.svc.adbd]: [running]
[init.svc.add_default_route]: [stopped]
[init.svc.adrd]: [running]
[init.svc.android-hardware-media-c2-hal-1-2]: [running]
[init.svc.apexd]: [stopped]
[init.svc.apexd-bootstrap]: [stopped]
[init.svc.apexd-snapshotde]: [stopped]
[init.svc.audiofmq]: [running]
[init.svc.audioserver]: [running]
[init.svc.bluetooth-1-1]: [running]
[init.svc.bootanim]: [running]
[init.svc.bootlogoupdater]: [stopped]
[init.svc.boringssl_self_test32]: [stopped]
[init.svc.boringssl_self_test32_vendor]: [stopped]
[init.svc.boringssl_self_test64]: [stopped]
[init.svc.boringssl_self_test64_vendor]: [stopped]
[init.svc.boringssl_self_test_apex32]: [stopped]
[init.svc.boringssl_self_test_apex64]: [stopped]
[init.svc.bpfloader]: [stopped]
[init.svc.broadcastradio-hal2]: [running]
[init.svc.camerahalserver]: [running]
[init.svc.cameraserver]: [running]
[init.svc.can-hal-1.0-service]: [running]
[init.svc.carpowerpolicyd]: [running]
[init.svc.carwatchdogd]: [running]
[init.svc.cluster_hal]: [running]
[init.svc.console]: [running]
[init.svc.credstore]: [running]
[init.svc.derive_classpath]: [stopped]
[init.svc.derive_sdk]: [stopped]
[init.svc.devicemanager]: [running]
[init.svc.drm]: [running]
[init.svc.extaudiohal-hal-1-0]: [running]
[init.svc.gatekeeperd]: [running]
[init.svc.gbe]: [running]
[init.svc.gpu]: [running]
[init.svc.heapprofd]: [stopped]
[init.svc.hidl_memory]: [running]
[init.svc.hwservicemanager]: [running]
[init.svc.idmap2d]: [running]
[init.svc.incidentd]: [running]
[init.svc.insmod_sh]: [stopped]
[init.svc.installd]: [running]
[init.svc.keymanage-1-0]: [running]
[init.svc.keystore2]: [running]
[init.svc.lbs_dbg]: [running]
[init.svc.lbs_hidl_service]: [running]
[init.svc.led_service]: [running]
[init.svc.lmkd]: [running]
[init.svc.logd]: [running]
[init.svc.logd-reinit]: [stopped]
[init.svc.media]: [running]
[init.svc.media.swcodec]: [running]
[init.svc.mediadrm]: [running]
[init.svc.mediaextractor]: [running]
[init.svc.mediametrics]: [running]
[init.svc.mnld]: [running]
[init.svc.mtk.plpath.utils.link]: [stopped]
[init.svc.netd]: [running]
[init.svc.netdagent]: [running]
[init.svc.nvram-hidl-1-1]: [running]
[init.svc.nvram_daemon]: [stopped]
[init.svc.odsign]: [stopped]
[init.svc.power-hal-1-0]: [running]
[init.svc.servicemanager]: [running]
[init.svc.smartplatformserver]: [running]
[init.svc.statsd]: [running]
[init.svc.storaged]: [running]
[init.svc.surfaceflinger]: [running]
[init.svc.system_suspend]: [running]
[init.svc.tee-supplicant]: [running]
[init.svc.terservice]: [stopped]
[init.svc.thermal_core]: [running]
[init.svc.thermald]: [running]
[init.svc.tombstoned]: [running]
[init.svc.traced]: [running]
[init.svc.traced_perf]: [stopped]
[init.svc.traced_probes]: [running]
[init.svc.ucl_proxy_someip]: [running]
[init.svc.ueventd]: [running]
[init.svc.update_engine]: [running]
[init.svc.update_verifier_nonencrypted]: [stopped]
[init.svc.usb_update]: [running]
[init.svc.usbd]: [stopped]
[init.svc.usbmgr]: [running]
[init.svc.vender.mediatek.hardware.pq_aidl-default]: [running]
[init.svc.vendor.androidauto-wpp]: [running]
[init.svc.vendor.audio-hal]: [running]
[init.svc.vendor.audiocontrol-default]: [running]
[init.svc.vendor.boot-hal-1-2]: [running]
[init.svc.vendor.configuration-hal-skylark]: [running]
[init.svc.vendor.diagnostic-hal-visteon]: [running]
[init.svc.vendor.drm-clearkey-service]: [running]
[init.svc.vendor.drm-widevine-hal]: [running]
[init.svc.vendor.gatekeeper-1-0]: [running]
[init.svc.vendor.gnss-default]: [running]
[init.svc.vendor.gralloc-4-0]: [running]
[init.svc.vendor.health-default]: [running]
[init.svc.vendor.hwcomposer-2-2]: [running]
[init.svc.vendor.keymint-tee]: [running]
[init.svc.vendor.light-default]: [running]
[init.svc.vendor.media.omx]: [running]
[init.svc.vendor.memtrack-default]: [running]
[init.svc.vendor.mtkpower_applist-default]: [running]
[init.svc.vendor.sensors-hal-2-0-multihal]: [running]
[init.svc.vendor.thermal-hal-2-0.mtk]: [running]
[init.svc.vendor.usb-hal-1-1]: [running]
[init.svc.vendor.vehicle-hal-visteon]: [running]
[init.svc.vendor.vstusbmgr-default]: [running]
[init.svc.vendor.wifi_hal_legacy]: [running]
[init.svc.vndservicemanager]: [running]
[init.svc.vold]: [running]
[init.svc.vsomeipd]: [running]
[init.svc.vstGlobalLogger]: [running]
[init.svc.vstRvcService]: [running]
[init.svc.watchdogd]: [running]
[init.svc.wificond]: [running]
[init.svc.wlan_assistant]: [running]
[init.svc.wmt_launcher]: [running]
[init.svc.wmt_loader]: [stopped]
[init.svc.zygote]: [running]
[init.svc.zygote_secondary]: [running]
[init.svc_debug_pid.PersistencyAidlService]: [750]
[init.svc_debug_pid.Someip_cli_listener]: [673]
[init.svc_debug_pid.adbd]: [893]
[init.svc_debug_pid.add_default_route]: []
[init.svc_debug_pid.adrd]: [653]
[init.svc_debug_pid.android-hardware-media-c2-hal-1-2]: [704]
[init.svc_debug_pid.apexd]: []
[init.svc_debug_pid.apexd-bootstrap]: []
[init.svc_debug_pid.apexd-snapshotde]: []
[init.svc_debug_pid.audiofmq]: [676]
[init.svc_debug_pid.audioserver]: [769]
[init.svc_debug_pid.bluetooth-1-1]: [678]
[init.svc_debug_pid.bootanim]: [1048]
[init.svc_debug_pid.bootlogoupdater]: []
[init.svc_debug_pid.boringssl_self_test32]: []
[init.svc_debug_pid.boringssl_self_test32_vendor]: []
[init.svc_debug_pid.boringssl_self_test64]: []
[init.svc_debug_pid.boringssl_self_test64_vendor]: []
[init.svc_debug_pid.boringssl_self_test_apex32]: []
[init.svc_debug_pid.boringssl_self_test_apex64]: []
[init.svc_debug_pid.bpfloader]: []
[init.svc_debug_pid.broadcastradio-hal2]: [680]
[init.svc_debug_pid.camerahalserver]: [1038]
[init.svc_debug_pid.cameraserver]: [964]
[init.svc_debug_pid.can-hal-1.0-service]: [677]
[init.svc_debug_pid.carpowerpolicyd]: [530]
[init.svc_debug_pid.carwatchdogd]: [423]
[init.svc_debug_pid.cluster_hal]: [751]
[init.svc_debug_pid.console]: [804]
[init.svc_debug_pid.credstore]: [783]
[init.svc_debug_pid.derive_classpath]: []
[init.svc_debug_pid.derive_sdk]: []
[init.svc_debug_pid.devicemanager]: [896]
[init.svc_debug_pid.drm]: [899]
[init.svc_debug_pid.extaudiohal-hal-1-0]: [693]
[init.svc_debug_pid.gatekeeperd]: [1049]
[init.svc_debug_pid.gbe]: [824]
[init.svc_debug_pid.gpu]: [784]
[init.svc_debug_pid.heapprofd]: []
[init.svc_debug_pid.hidl_memory]: [672]
[init.svc_debug_pid.hwservicemanager]: [411]
[init.svc_debug_pid.idmap2d]: [965]
[init.svc_debug_pid.incidentd]: [967]
[init.svc_debug_pid.insmod_sh]: []
[init.svc_debug_pid.installd]: [979]
[init.svc_debug_pid.keymanage-1-0]: [743]
[init.svc_debug_pid.keystore2]: [532]
[init.svc_debug_pid.lbs_dbg]: [963]
[init.svc_debug_pid.lbs_hidl_service]: [726]
[init.svc_debug_pid.led_service]: [655]
[init.svc_debug_pid.lmkd]: [409]
[init.svc_debug_pid.logd]: [408]
[init.svc_debug_pid.logd-reinit]: []
[init.svc_debug_pid.media]: [998]
[init.svc_debug_pid.media.swcodec]: [1046]
[init.svc_debug_pid.mediaextractor]: [981]
[init.svc_debug_pid.mediametrics]: [995]
[init.svc_debug_pid.mnld]: [960]
[init.svc_debug_pid.mtk.plpath.utils.link]: []
[init.svc_debug_pid.netd]: [661]
[init.svc_debug_pid.netdagent]: [1054]
[init.svc_debug_pid.nvram-hidl-1-1]: [747]
[init.svc_debug_pid.nvram_daemon]: []
[init.svc_debug_pid.odsign]: []
[init.svc_debug_pid.power-hal-1-0]: [957]
[init.svc_debug_pid.servicemanager]: [410]
[init.svc_debug_pid.smartplatformserver]: [1002]
[init.svc_debug_pid.statsd]: [660]
[init.svc_debug_pid.storaged]: [1035]
[init.svc_debug_pid.surfaceflinger]: [790]
[init.svc_debug_pid.system_suspend]: [529]
[init.svc_debug_pid.tee-supplicant]: [1055]
[init.svc_debug_pid.terservice]: []
[init.svc_debug_pid.thermal_core]: [915]
[init.svc_debug_pid.thermald]: [969]
[init.svc_debug_pid.tombstoned]: [611]
[init.svc_debug_pid.traced]: [910]
[init.svc_debug_pid.traced_perf]: []
[init.svc_debug_pid.traced_probes]: [901]
[init.svc_debug_pid.ucl_proxy_someip]: [535]
[init.svc_debug_pid.ueventd]: [328]
[init.svc_debug_pid.update_engine]: [1050]
[init.svc_debug_pid.update_verifier_nonencrypted]: []
[init.svc_debug_pid.usb_update]: [752]
[init.svc_debug_pid.usbd]: []
[init.svc_debug_pid.usbmgr]: [794]
[init.svc_debug_pid.vender.mediatek.hardware.pq_aidl-default]: [1042]
[init.svc_debug_pid.vendor.androidauto-wpp]: [671]
[init.svc_debug_pid.vendor.audio-hal]: [674]
[init.svc_debug_pid.vendor.audiocontrol-default]: [720]
[init.svc_debug_pid.vendor.boot-hal-1-2]: [533]
[init.svc_debug_pid.vendor.configuration-hal-skylark]: [722]
[init.svc_debug_pid.vendor.diagnostic-hal-visteon]: [723]
[init.svc_debug_pid.vendor.drm-clearkey-service]: [684]
[init.svc_debug_pid.vendor.drm-widevine-hal]: [689]
[init.svc_debug_pid.vendor.gatekeeper-1-0]: [694]
[init.svc_debug_pid.vendor.gnss-default]: [698]
[init.svc_debug_pid.vendor.gralloc-4-0]: [700]
[init.svc_debug_pid.vendor.health-default]: [703]
[init.svc_debug_pid.vendor.hwcomposer-2-2]: [702]
[init.svc_debug_pid.vendor.keymint-tee]: [534]
[init.svc_debug_pid.vendor.light-default]: [730]
[init.svc_debug_pid.vendor.media.omx]: [1037]
[init.svc_debug_pid.vendor.memtrack-default]: [731]
[init.svc_debug_pid.vendor.mtkpower_applist-default]: [736]
[init.svc_debug_pid.vendor.sensors-hal-2-0-multihal]: [709]
[init.svc_debug_pid.vendor.thermal-hal-2-0.mtk]: [714]
[init.svc_debug_pid.vendor.usb-hal-1-1]: [719]
[init.svc_debug_pid.vendor.vehicle-hal-visteon]: [538]
[init.svc_debug_pid.vendor.vstusbmgr-default]: [754]
[init.svc_debug_pid.vendor.wifi_hal_legacy]: [1440]
[init.svc_debug_pid.vndservicemanager]: [412]
[init.svc_debug_pid.vold]: [427]
[init.svc_debug_pid.vsomeipd]: [539]
[init.svc_debug_pid.vstGlobalLogger]: [887]
[init.svc_debug_pid.vstRvcService]: [526]
[init.svc_debug_pid.watchdogd]: [759]
[init.svc_debug_pid.wificond]: [1036]
[init.svc_debug_pid.wlan_assistant]: [1043]
[init.svc_debug_pid.wmt_launcher]: [528]
[init.svc_debug_pid.wmt_loader]: []
[init.svc_debug_pid.zygote]: [662]
[init.svc_debug_pid.zygote_secondary]: [663]
[init.userspace_reboot.is_supported]: [true]
[init.userspace_reboot.userdata_remount.timeoutmillis]: [10000]
[keystore.boot_level]: [1000000000]
[khungtask.enable]: [false]
[llk.enable]: [false]
[log.tag]: [M]
[log.tag.APM_AudioPolicyManager]: [D]
[logd.ready]: [true]
[media.c2.dmabuf.padding]: [3072]
[media.stagefright.thumbnail.prefer_hw_codecs]: [true]
[mediatek.wlan.ctia]: [0]
[net.bt.name]: [Android]
[net.tcp_def_init_rwnd]: [60]
[odsign.key.done]: [1]
[odsign.verification.done]: [1]
[odsign.verification.success]: [0]
[persist.FrequencySwitcher.5ghzChannel.number]: [149]
[persist.FrequencySwitcher.CountryCode]: [IN]
[persist.adb.nonblocking_ffs]: [0]
[persist.audio.carplay.debugEnabled]: [1]
[persist.bluetooth.bt_stack_log]: [true]
[persist.bluetooth.btsnoopdefaultmode]: [disabled]
[persist.bluetooth.btsnooplogmode]: [full]
[persist.dbg.keep_debugfs_mounted]: [true]
[persist.device_config.attempted_boot_count]: [1]
[persist.flashing_vip_slot]: [1]
[persist.flashing_viphsm_slot]: [1]
[persist.is_dsp_failed]: [false]
[persist.is_tcu_failed]: [false]
[persist.log.tag.BufferQueueDump]: [I]
[persist.log.tag.BufferQueueProducer]: [I]
[persist.log.tag.MTK_APPList]: [I]
[persist.log.tag.PowerHalAddressUitls]: [I]
[persist.log.tag.PowerHalMgrImpl]: [I]
[persist.log.tag.PowerHalMgrServiceImpl]: [I]
[persist.log.tag.PowerHalWifiMonitor]: [I]
[persist.log.tag.UxUtility]: [I]
[persist.log.tag.libPowerHal]: [I]
[persist.log.tag.mtkpower@impl]: [I]
[persist.log.tag.mtkpower_client]: [I]
[persist.skylark.networkoperator]: [IND airtel]
[persist.skylark.tcusecureboot]: [1]
[persist.spm.sdk_service]: [1]
[persist.sys.boot.reason]: []
[persist.sys.boot.reason.history]: [cold,charger,1762515212
cold,charger,1762534605
cold,charger,1762401169]
[persist.sys.dalvik.vm.lib.2]: [libart.so]
[persist.sys.default_iface]: [eth10]
[persist.sys.device_provisioned]: [1]
[persist.sys.displayinset.top]: [0]
[persist.sys.fuse]: [true]
[persist.sys.fuse.passthrough.enable]: [true]
[persist.sys.hdmi.keep_awake]: [false]
[persist.sys.lmk.reportkills]: [true]
[persist.sys.theme]: [1]
[persist.sys.timezone]: [Asia/Kolkata]
[persist.sys.usb.config]: [adb]
[persist.system.powerhal.applist_enable]: [1]
[persist.tcu.custom.prop]: [normal]
[persist.traced.enable]: [1]
[persist.vendor.audiohal.besloudness_state]: [1]
[persist.vendor.bluetooth.a2dp_src_sink_both_enable]: [true]
[persist.vendor.bluetooth.mtk_bt_am_feature]: [false]
[persist.vendor.bluetooth.mtk_bt_consumer_feature]: [true]
[persist.vendor.bluetooth.mtk_bt_cp_feature]: [true]
[persist.vendor.boot.complete]: [true]
[persist.vendor.camera3.pipeline.bufnum.base.imgo]: [4]
[persist.vendor.camera3.pipeline.bufnum.base.lcso]: [4]
[persist.vendor.camera3.pipeline.bufnum.base.rrzo]: [4]
[persist.vendor.camera3.pipeline.bufnum.base.rsso]: [5]
[persist.vendor.camera3.pipeline.bufnum.min.high_ram.fdyuv]: [6]
[persist.vendor.camera3.pipeline.bufnum.min.high_ram.imgo]: [7]
[persist.vendor.camera3.pipeline.bufnum.min.high_ram.lcso]: [7]
[persist.vendor.camera3.pipeline.bufnum.min.high_ram.rrzo]: [7]
[persist.vendor.camera3.pipeline.bufnum.min.high_ram.rsso]: [7]
[persist.vendor.camera3.pipeline.bufnum.min.low_ram.fdyuv]: [6]
[persist.vendor.camera3.pipeline.bufnum.min.low_ram.imgo]: [6]
[persist.vendor.camera3.pipeline.bufnum.min.low_ram.lcso]: [6]
[persist.vendor.camera3.pipeline.bufnum.min.low_ram.rrzo]: [6]
[persist.vendor.camera3.pipeline.bufnum.min.low_ram.rsso]: [6]
[persist.vendor.conf.cp_logs]: [0]
[persist.vendor.conf.infotainmentRecorder.logger]: [1]
[persist.vendor.config.nativevrfeature]: [1]
[persist.vendor.config.rvcfeature]: [0]
[persist.vendor.config.svsfeature]: [1]
[persist.vendor.connsys.chipid]: [0x6630]
[persist.vendor.connsys.dynamic.dump]: [0]
[persist.vendor.connsys.patch.version]: [20241111090335a]
[persist.vendor.coreux.media.list_disconnected_sources]: [true]
[persist.vendor.factory.GB2312]: [yes]
[persist.vendor.hu.unique.id]: [0000000000000000]
[persist.vendor.md_c2k_cap_dep_check]: [0]
[persist.vendor.mims_support]: [1]
[persist.vendor.mtk.pl_lnk]: [1]
[persist.vendor.mtk_sim_switch_policy]: [2]
[persist.vendor.pms_removable]: [1]
[persist.vendor.radio.mtk_ps2_rat]: [N/L/W/G]
[persist.vendor.radio.mtk_ps3_rat]: [G]
[persist.vendor.radio.smart.data.switch]: [1]
[persist.vendor.sys.pq.adl.idx]: [1]
[persist.vendor.sys.pq.disp.aal.bypass]: [0]
[persist.vendor.sys.pq.disp.c3d.bypass]: [0]
[persist.vendor.sys.pq.disp.ccorr.bypass]: [0]
[persist.vendor.sys.pq.disp.ccorr.silky.brightness]: [0]
[persist.vendor.sys.pq.disp.color.bypass]: [0]
[persist.vendor.sys.pq.disp.dither.bypass]: [0]
[persist.vendor.sys.pq.disp.dither.color.detect]: [0]
[persist.vendor.sys.pq.disp.gamma.bypass]: [0]
[persist.vendor.sys.pq.disp.gamma.silky.brightness]: [0]
[persist.vendor.sys.pq.disp.tdshp.bypass]: [0]
[persist.vendor.sys.pq.hd10p.adaptive.en]: [1]
[persist.vendor.sys.pq.hdr.en]: [1]
[persist.vendor.sys.pq.hdr_vivid.en]: [1]
[persist.vendor.sys.pq.hfg.en]: [2]
[persist.vendor.sys.pq.iso.shp.en]: [1]
[persist.vendor.sys.pq.mdp.ccorr.en]: [0]
[persist.vendor.sys.pq.mdp.color.dbg]: [1]
[persist.vendor.sys.pq.mdp.color.idx]: [1]
[persist.vendor.sys.pq.mdp.dre.en]: [1]
[persist.vendor.sys.pq.mdp.hdrvivid.vp.dre.en]: [1]
[persist.vendor.sys.pq.mdp.hdrvp.dre.en]: [1]
[persist.vendor.sys.pq.mdp.vp.aispq.en]: [1]
[persist.vendor.sys.pq.mdp.vp.dre.en]: [1]
[persist.vendor.sys.pq.modeindex]: [0]
[persist.vendor.sys.pq.picmode]: [0]
[persist.vendor.sys.pq.shp.idx]: [2]
[persist.vendor.sys.pq.shp.strength]: [persist.vendor.sys.pq.shp.strength]
[persist.vendor.sys.pq.ultrares.en]: [1]
[persist.vendor.sys.pq.ultrares.strength]: [0]
[persist.vendor.vilte_support]: [0]
[persist.vendor.visteon.rui.headunit_model]: [Gen3 SKL02]
[persist.vendor.visteon.rui.vehicle_id]: [980deca9-0579-4374-95a3-c38a52227acc]
[persist.vendor.visteon.rui.vehicle_make]: [Tata Motors]
[persist.vendor.visteon.rui.vehicle_model]: [Punch]
[persist.vendor.visteon.vstlogger.bootcount]: [10]
[persist.vendor.viwifi_support]: [0]
[persist.vendor.vzw_device_type]: [0]
[persist.vendor.wifi.ipv4_addr]: [192.168.20.1]
[persist.vendor.wifi.mac_interface_set]: [true]
[persist.vendor.wifi.macaddress]: [a8:40:0b:79:45:11]
[persist.vendor.wifi.ssid]: [Tata Motors 4511]
[persist.visteon.swupdate.installtime]: [1762380780000]
[persist.visteon.vstlogger.LOG_ANR_TOMBSTONES]: [true]
[persist.visteon.vstlogger.LOG_BT]: [true]
[persist.visteon.vstlogger.LOG_BUG_REPORT]: [false]
[persist.visteon.vstlogger.LOG_CPU_MEM_INFO]: [true]
[persist.visteon.vstlogger.LOG_CRASH]: [true]
[persist.visteon.vstlogger.LOG_DEVICE_PROPERTIES]: [true]
[persist.visteon.vstlogger.LOG_DTC]: [true]
[persist.visteon.vstlogger.LOG_DUMPSYS]: [false]
[persist.visteon.vstlogger.LOG_EVENT]: [true]
[persist.visteon.vstlogger.LOG_KERNEL]: [true]
[persist.visteon.vstlogger.LOG_LIN]: [true]
[persist.visteon.vstlogger.LOG_LVL]: [1]
[persist.visteon.vstlogger.LOG_MAIN]: [true]
[persist.visteon.vstlogger.LOG_MEM_STATS]: [true]
[persist.visteon.vstlogger.LOG_QNX]: [true]
[persist.visteon.vstlogger.LOG_RADIO]: [true]
[persist.visteon.vstlogger.LOG_SECURITY]: [false]
[persist.visteon.vstlogger.LOG_STATS]: [false]
[persist.visteon.vstlogger.LOG_SYSTEM]: [true]
[persist.visteon.vstlogger.LOG_TCPDUMP]: [false]
[persist.visteon.vstlogger.LOG_UCL]: [true]
[persist.visteon.vstlogger.LOG_VIP]: [true]
[persist.visteon.vstlogger.LOG_VIP_TCU]: [true]
[persist.visteon.vstlogger.LOG_VOICE]: [true]
[persist.vstlogger.copiedrivenextlogs]: [true]
[persist.wifi.ap.password]: [M3PMIKix$tvc]
[persist.wm.enable_remote_keyguard_animation]: [0]
[pm.dexopt.ab-ota]: [speed-profile]
[pm.dexopt.bg-dexopt]: [speed-profile]
[pm.dexopt.boot-after-ota]: [verify]
[pm.dexopt.cmdline]: [verify]
[pm.dexopt.first-boot]: [verify]
[pm.dexopt.inactive]: [verify]
[pm.dexopt.install]: [speed-profile]
[pm.dexopt.install-bulk]: [speed-profile]
[pm.dexopt.install-bulk-downgraded]: [verify]
[pm.dexopt.install-bulk-secondary]: [verify]
[pm.dexopt.install-bulk-secondary-downgraded]: [extract]
[pm.dexopt.install-fast]: [skip]
[pm.dexopt.post-boot]: [extract]
[pm.dexopt.shared]: [speed]
[qemu.hw.mainkeys]: [0]
[ro.actionable_compatible_property.enabled]: [true]
[ro.adb.secure]: [0]
[ro.allow.mock.location]: [0]
[ro.android.car.carservice.overlay.packages]: [com.android.car.resources.vendor;com.google.android.car.resources.vendor;]
[ro.android.car.carservice.package]: [com.android.car.updatable]
[ro.android.car.version.platform_minor]: [3]
[ro.audio.silent]: [0]
[ro.audio.usb.period_us]: [16000]
[ro.base_build]: [noah]
[ro.baseband]: [unknown]
[ro.bionic.2nd_arch]: [arm]
[ro.bionic.2nd_cpu_variant]: [cortex-a55]
[ro.bionic.arch]: [arm64]
[ro.bionic.cpu_variant]: [cortex-a55]
[ro.board.first_api_level]: [33]
[ro.board.platform]: [mt8188]
[ro.boot.atm]: [disabled]
[ro.boot.avb_version]: [1.2]
[ro.boot.boot_devices]: [bootdevice,soc/11230000.mmc,11230000.mmc,soc/11230000.msdc,11230000.msdc,soc/11270000.ufshci,11270000.ufshci]
[ro.boot.bootreason]: [usb]
[ro.boot.dtb_idx]: [0]
[ro.boot.dtbo_idx]: [0]
[ro.boot.dynamic_partitions]: [true]
[ro.boot.flash.locked]: [0]
[ro.boot.force_normal_boot]: [1]
[ro.boot.fstab_suffix]: [emmc]
[ro.boot.hardware]: [mt8188]
[ro.boot.meta_log_disable]: [0]
[ro.boot.mode]: [normal]
[ro.boot.phandle]: []
[ro.boot.selinux]: [permissive]
[ro.boot.serialno]: [0123456789ABCDEF]
[ro.boot.slot]: [a]
[ro.boot.slot_suffix]: [_a]
[ro.boot.verifiedbootstate]: [orange]
[ro.boot.wificountrycode]: [IN]
[ro.bootloader]: [unknown]
[ro.bootmode]: [normal]
[ro.boottime.PersistencyAidlService]: [9634390153]
[ro.boottime.Someip_cli_listener]: [9137354538]
[ro.boottime.adbd]: [10603189923]
[ro.boottime.add_default_route]: [10591006538]
[ro.boottime.adrd]: [8854983076]
[ro.boottime.android-hardware-media-c2-hal-1-2]: [9350574846]
[ro.boottime.apexd]: [7812546769]
[ro.boottime.apexd-bootstrap]: [2804702230]
[ro.boottime.apexd-snapshotde]: [8434161538]
[ro.boottime.audiofmq]: [9163352384]
[ro.boottime.audioserver]: [9707442153]
[ro.boottime.bluetooth-1-1]: [9190407153]
[ro.boottime.bootanim]: [11319681538]
[ro.boottime.bootlogoupdater]: [9761477307]
[ro.boottime.boringssl_self_test32]: [3021686846]
[ro.boottime.boringssl_self_test32_vendor]: [3400782230]
[ro.boottime.boringssl_self_test64]: [3157910154]
[ro.boottime.boringssl_self_test64_vendor]: [3534038769]
[ro.boottime.boringssl_self_test_apex32]: [10130758153]
[ro.boottime.boringssl_self_test_apex64]: [10299536000]
[ro.boottime.bpfloader]: [8881223461]
[ro.boottime.broadcastradio-hal2]: [9208516999]
[ro.boottime.camerahalserver]: [11290841000]
[ro.boottime.cameraserver]: [11073186769]
[ro.boottime.can-hal-1.0-service]: [9177405846]
[ro.boottime.carpowerpolicyd]: [7126741538]
[ro.boottime.carwatchdogd]: [5543101846]
[ro.boottime.cluster_hal]: [9646398769]
[ro.boottime.console]: [9839535384]
[ro.boottime.credstore]: [9767371076]
[ro.boottime.derive_classpath]: [8298605230]
[ro.boottime.derive_sdk]: [8088124077]
[ro.boottime.devicemanager]: [10626744384]
[ro.boottime.drm]: [10639111461]
[ro.boottime.extaudiohal-hal-1-0]: [9283572923]
[ro.boottime.gatekeeperd]: [11331936384]
[ro.boottime.gbe]: [10018291461]
[ro.boottime.gpu]: [9773241000]
[ro.boottime.hidl_memory]: [9128364076]
[ro.boottime.hwservicemanager]: [5450262846]
[ro.boottime.idmap2d]: [11083070846]
[ro.boottime.incidentd]: [11096192615]
[ro.boottime.init]: [349575461]
[ro.boottime.init.cold_boot_wait]: [1419]
[ro.boottime.init.first_stage]: [1184172539]
[ro.boottime.init.fsck.calibration]: [86]
[ro.boottime.init.fsck.data]: [29]
[ro.boottime.init.fsck.dvr]: [130]
[ro.boottime.init.fsck.mtkdata]: [56]
[ro.boottime.init.fsck.nvcfg]: [92]
[ro.boottime.init.fsck.nvdata]: [75]
[ro.boottime.init.fsck.otadownload]: [138]
[ro.boottime.init.fsck.persist]: [94]
[ro.boottime.init.fsck.protect_f]: [93]
[ro.boottime.init.fsck.protect_s]: [54]
[ro.boottime.init.fsck.svs]: [96]
[ro.boottime.init.fsck.vrdata]: [64]
[ro.boottime.init.modules]: [782]
[ro.boottime.init.mount.calibration]: [3]
[ro.boottime.init.mount.data]: [21]
[ro.boottime.init.mount.dvr]: [3]
[ro.boottime.init.mount.mtkdata]: [3]
[ro.boottime.init.mount.nvcfg]: [3]
[ro.boottime.init.mount.nvdata]: [3]
[ro.boottime.init.mount.otadownload]: [5]
[ro.boottime.init.mount.persist]: [11]
[ro.boottime.init.mount.protect_f]: [17]
[ro.boottime.init.mount.protect_s]: [3]
[ro.boottime.init.mount.svs]: [65]
[ro.boottime.init.mount.vrdata]: [3]
[ro.boottime.init.mount_all.early]: [1150]
[ro.boottime.init.mount_all.late]: [220]
[ro.boottime.init.selinux]: [752502538]
[ro.boottime.insmod_sh]: [3351888000]
[ro.boottime.installd]: [11119858230]
[ro.boottime.keymanage-1-0]: [9603015076]
[ro.boottime.keystore2]: [7135837308]
[ro.boottime.lbs_dbg]: [11063779461]
[ro.boottime.lbs_hidl_service]: [9489173538]
[ro.boottime.led_service]: [8870695153]
[ro.boottime.lmkd]: [5432314461]
[ro.boottime.logd]: [5420834846]
[ro.boottime.logd-reinit]: [7797140077]
[ro.boottime.media]: [11191881923]
[ro.boottime.media.swcodec]: [11309548384]
[ro.boottime.mediaextractor]: [11145414461]
[ro.boottime.mediametrics]: [11171582769]
[ro.boottime.mnld]: [11038000307]
[ro.boottime.mtk.plpath.utils.link]: [9993975076]
[ro.boottime.netd]: [8973893615]
[ro.boottime.netdagent]: [11360858769]
[ro.boottime.nvram-hidl-1-1]: [9620832000]
[ro.boottime.nvram_daemon]: [9826149307]
[ro.boottime.odsign]: [8347966153]
[ro.boottime.power-hal-1-0]: [11022306230]
[ro.boottime.servicemanager]: [5441467692]
[ro.boottime.smartplatformserver]: [11219776000]
[ro.boottime.statsd]: [8961811076]
[ro.boottime.storaged]: [11267477846]
[ro.boottime.surfaceflinger]: [9802091384]
[ro.boottime.system_suspend]: [7119264077]
[ro.boottime.tee-supplicant]: [11371097307]
[ro.boottime.terservice]: [9809785923]
[ro.boottime.thermal_core]: [10766163153]
[ro.boottime.thermald]: [11107711692]
[ro.boottime.tombstoned]: [7660554846]
[ro.boottime.traced]: [10741828076]
[ro.boottime.traced_probes]: [10676988307]
[ro.boottime.ucl_proxy_someip]: [7171788077]
[ro.boottime.ueventd]: [2797304077]
[ro.boottime.update_engine]: [11341953538]
[ro.boottime.update_verifier_nonencrypted]: [8887871999]
[ro.boottime.usb_update]: [9655652076]
[ro.boottime.usbd]: [11350791461]
[ro.boottime.usbmgr]: [9818739692]
[ro.boottime.vender.mediatek.hardware.pq_aidl-default]: [11294947461]
[ro.boottime.vendor.androidauto-wpp]: [9120303384]
[ro.boottime.vendor.audio-hal]: [9146161923]
[ro.boottime.vendor.audiocontrol-default]: [9443523769]
[ro.boottime.vendor.boot-hal-1-2]: [7153360385]
[ro.boottime.vendor.configuration-hal-skylark]: [9453877230]
[ro.boottime.vendor.diagnostic-hal-visteon]: [9465875076]
[ro.boottime.vendor.drm-clearkey-service]: [9226155153]
[ro.boottime.vendor.drm-widevine-hal]: [9259727076]
[ro.boottime.vendor.gatekeeper-1-0]: [9294679999]
[ro.boottime.vendor.gnss-default]: [9303707153]
[ro.boottime.vendor.gralloc-4-0]: [9311909615]
[ro.boottime.vendor.health-default]: [9334436999]
[ro.boottime.vendor.hwcomposer-2-2]: [9320184384]
[ro.boottime.vendor.keymint-tee]: [7163916077]
[ro.boottime.vendor.light-default]: [9500817230]
[ro.boottime.vendor.media.omx]: [11284062769]
[ro.boottime.vendor.memtrack-default]: [9510213000]
[ro.boottime.vendor.mtkpower_applist-default]: [9563785846]
[ro.boottime.vendor.sensors-hal-2-0-multihal]: [9377735769]
[ro.boottime.vendor.thermal-hal-2-0.mtk]: [9393134846]
[ro.boottime.vendor.usb-hal-1-1]: [9408559769]
[ro.boottime.vendor.vehicle-hal-visteon]: [7185945615]
[ro.boottime.vendor.vstusbmgr-default]: [9667520384]
[ro.boottime.vendor.wifi_hal_legacy]: [19547286769]
[ro.boottime.vndservicemanager]: [5459443077]
[ro.boottime.vold]: [5597513923]
[ro.boottime.vsomeipd]: [7213088000]
[ro.boottime.vstGlobalLogger]: [10577151153]
[ro.boottime.vstRvcService]: [7098428615]
[ro.boottime.watchdogd]: [9682129538]
[ro.boottime.wificond]: [11279243153]
[ro.boottime.wlan_assistant]: [11300569615]
[ro.boottime.wmt_launcher]: [7114591769]
[ro.boottime.wmt_loader]: [7106769231]
[ro.boottime.zygote]: [8983652999]
[ro.boottime.zygote_secondary]: [8993829230]
[ro.build.ab_update]: [true]
[ro.build.characteristics]: [carcorder]
[ro.build.date]: [Thu Nov  6 19:45:40 UTC 2025]
[ro.build.date.utc]: [1762458340]
[ro.build.description]: [sys_mssi_infocore-user 13 R03.23_PUNICG_G3S2I_UF0000U071125A 38 dev-keys]
[ro.build.display.id]: [R03.23_PUNICG_G3S2I_UF0000U071125A dev-keys]
[ro.build.fingerprint]: [alps/vnd_skylark/skylark:13/R03.23_PUNICG_G3S2I_UF0000U071125A/38:user/dev-keys]
[ro.build.flavor]: [sys_mssi_infocore-user]
[ro.build.host]: [skylark-node-816p6]
[ro.build.id]: [R03.23_PUNICG_G3S2I_UF0000U071125A]
[ro.build.product]: [mssi_infocore]
[ro.build.tags]: [dev-keys]
[ro.build.type]: [user]
[ro.build.user]: [vtscpdo]
[ro.build.version.all_codenames]: [REL]
[ro.build.version.base_os]: []
[ro.build.version.codename]: [REL]
[ro.build.version.incremental]: [38]
[ro.build.version.known_codenames]: [Base,Base11,Cupcake,Donut,Eclair,Eclair01,EclairMr1,Froyo,Gingerbread,GingerbreadMr1,Honeycomb,HoneycombMr1,HoneycombMr2,IceCreamSandwich,IceCreamSandwichMr1,JellyBean,JellyBeanMr1,JellyBeanMr2,Kitkat,KitkatWatch,Lollipop,LollipopMr1,M,N,NMr1,O,OMr1,P,Q,R,S,Sv2,Tiramisu]
[ro.build.version.min_supported_target_sdk]: [23]
[ro.build.version.preview_sdk]: [0]
[ro.build.version.preview_sdk_fingerprint]: [REL]
[ro.build.version.release]: [13]
[ro.build.version.release_or_codename]: [13]
[ro.build.version.release_or_preview_display]: [13]
[ro.build.version.sdk]: [33]
[ro.build.version.security_patch]: [2024-02-05]
[ro.build.visteon.releasekeys]: [YES]
[ro.camera.sound.forced]: [0]
[ro.car.cluster.displayport]: [1]
[ro.carwatchdog.max_user_switch_events]: [5]
[ro.carwatchdog.periodic_collection_buffer_size]: [180]
[ro.carwatchdog.periodic_collection_interval]: [120]
[ro.carwatchdog.periodic_monitor_buffer_size]: [360]
[ro.carwatchdog.periodic_monitor_interval]: [5]
[ro.carwatchdog.post_system_event_duration]: [30]
[ro.carwatchdog.system_event_collection_interval]: [20]
[ro.carwatchdog.top_n_stats_per_category]: [10]
[ro.carwatchdog.top_n_stats_per_subcategory]: [5]
[ro.carwatchdog.user_switch_timeout]: [30]
[ro.carwatchdog.wake_up_event_duration]: [30]
[ro.cold_boot_done]: [true]
[ro.config.per_app_memcg]: [false]
[ro.config.ringtone]: [Clapping.wav]
[ro.cp_system_other_odex]: [1]
[ro.crypto.metadata.enabled]: [true]
[ro.crypto.state]: [encrypted]
[ro.crypto.type]: [file]
[ro.crypto.uses_fs_ioc_add_encryption_key]: [true]
[ro.crypto.volume.filenames_mode]: [aes-256-cts]
[ro.dalvik.vm.native.bridge]: [0]
[ro.debuggable]: [1]
[ro.frp.pst]: [/dev/block/platform/bootdevice/by-name/frp]
[ro.fw.mu.headless_system_user]: [false]
[ro.gsid.image_running]: [0]
[ro.hardware]: [mt8188]
[ro.hardware.egl]: [meow]
[ro.hardware.hwcomposer]: [mtk_common]
[ro.hardware.vulkan]: [mali]
[ro.hdmi.device_type]: [4]
[ro.hwui.use_vulkan]: []
[ro.incremental.enable]: [yes]
[ro.iorapd.enable]: [false]
[ro.kernel.version]: [5.15]
[ro.kernel.zio]: [38,108,105,16]
[ro.lmk.kill_timeout_ms]: [100]
[ro.lmk.psi_complete_stall_ms]: [70]
[ro.lmk.swap_free_low_percentage]: [20]
[ro.lmk.thrashing_limit]: [30]
[ro.lmk.thrashing_limit_decay]: [50]
[ro.logd.kernel]: [true]
[ro.mediatek.version.branch]: [alps-mp-t0.mssi5]
[ro.mediatek.version.build.branch]: []
[ro.mediatek.version.release]: [alps-mp-t0.mp5-V6]
[ro.mediatek.wlan.p2p]: [1]
[ro.mediatek.wlan.wsc]: [1]
[ro.minui.pixel_format]: [BGRA_8888]
[ro.mtk_cam_stereo_camera_support]: [1]
[ro.mtk_perf_fast_start_win]: [1]
[ro.mtk_perf_response_time]: [1]
[ro.mtk_perf_simple_start_win]: [1]
[ro.mtk_sec_video_path_support]: [1]
[ro.odm.build.date]: [Thu Nov  6 20:28:24 UTC 2025]
[ro.odm.build.date.utc]: [1762460904]
[ro.odm.build.fingerprint]: [alps/vnd_skylark/skylark:13/R03.23_PUNICG_G3S2I_UF0000U071125A/38:user/test-keys]
[ro.odm.build.id]: [R03.23_PUNICG_G3S2I_UF0000U071125A]
[ro.odm.build.tags]: [test-keys]
[ro.odm.build.type]: [user]
[ro.odm.build.version.incremental]: [38]
[ro.odm.build.version.release]: [13]
[ro.odm.build.version.release_or_codename]: [13]
[ro.odm.build.version.sdk]: [33]
[ro.odm.product.cpu.abilist]: [arm64-v8a,armeabi-v7a,armeabi]
[ro.odm.product.cpu.abilist32]: [armeabi-v7a,armeabi]
[ro.odm.product.cpu.abilist64]: [arm64-v8a]
[ro.odm_dlkm.build.date]: [Thu Nov  6 20:28:24 UTC 2025]
[ro.odm_dlkm.build.date.utc]: [1762460904]
[ro.odm_dlkm.build.fingerprint]: [alps/vnd_skylark/skylark:13/R03.23_PUNICG_G3S2I_UF0000U071125A/38:user/test-keys]
[ro.odm_dlkm.build.id]: [R03.23_PUNICG_G3S2I_UF0000U071125A]
[ro.odm_dlkm.build.tags]: [test-keys]
[ro.odm_dlkm.build.type]: [user]
[ro.odm_dlkm.build.version.incremental]: [38]
[ro.odm_dlkm.build.version.release]: [13]
[ro.odm_dlkm.build.version.release_or_codename]: [13]
[ro.odm_dlkm.build.version.sdk]: [33]
[ro.oem_unlock_supported]: [1]
[ro.opengles.version]: [196610]
[ro.persistent_properties.ready]: [true]
[ro.postinstall.fstab.prefix]: [/system]
[ro.product.ab_ota_partitions]: [boot,system,vendor]
[ro.product.board]: [skylark]
[ro.product.brand]: [alps]
[ro.product.build.date]: [Thu Nov  6 19:45:40 UTC 2025]
[ro.product.build.date.utc]: [1762458340]
[ro.product.build.fingerprint]: [alps/sys_mssi_infocore/mssi_infocore:13/R03.23_PUNICG_G3S2I_UF0000U071125A/38:user/dev-keys]
[ro.product.build.id]: [R03.23_PUNICG_G3S2I_UF0000U071125A]
[ro.product.build.tags]: [dev-keys]
[ro.product.build.type]: [user]
[ro.product.build.version.incremental]: [38]
[ro.product.build.version.release]: [13]
[ro.product.build.version.release_or_codename]: [13]
[ro.product.build.version.sdk]: [33]
[ro.product.cpu.abi]: [arm64-v8a]
[ro.product.cpu.abilist]: [arm64-v8a,armeabi-v7a,armeabi]
[ro.product.cpu.abilist32]: [armeabi-v7a,armeabi]
[ro.product.cpu.abilist64]: [arm64-v8a]
[ro.product.device]: [skylark]
[ro.product.first_api_level]: [33]
[ro.product.locale]: [en-US]
[ro.product.manufacturer]: [alps]
[ro.product.model]: [skylark]
[ro.product.name]: [vnd_skylark]
[ro.product.odm.brand]: [alps]
[ro.product.odm.device]: [skylark]
[ro.product.odm.manufacturer]: [alps]
[ro.product.odm.model]: [skylark]
[ro.product.odm.name]: [vnd_skylark]
[ro.product.odm_dlkm.brand]: [alps]
[ro.product.odm_dlkm.device]: [skylark]
[ro.product.odm_dlkm.manufacturer]: [alps]
[ro.product.odm_dlkm.model]: [skylark]
[ro.product.odm_dlkm.name]: [vnd_skylark]
[ro.product.product.brand]: [alps]
[ro.product.product.device]: [mssi_infocore]
[ro.product.product.manufacturer]: [alps]
[ro.product.product.model]: [mssi_infocore]
[ro.product.product.name]: [sys_mssi_infocore]
[ro.product.property_source_order]: [odm,vendor,product,system]
[ro.product.system.brand]: [alps]
[ro.product.system.device]: [mssi_infocore]
[ro.product.system.manufacturer]: [alps]
[ro.product.system.model]: [mssi_infocore]
[ro.product.system.name]: [sys_mssi_infocore]
[ro.product.system_dlkm.brand]: [alps]
[ro.product.system_dlkm.device]: [skylark]
[ro.product.system_dlkm.manufacturer]: [alps]
[ro.product.system_dlkm.model]: [skylark]
[ro.product.system_dlkm.name]: [vnd_skylark]
[ro.product.system_ext.brand]: [alps]
[ro.product.system_ext.device]: [mssi_infocore]
[ro.product.system_ext.manufacturer]: [alps]
[ro.product.system_ext.model]: [mssi_infocore]
[ro.product.system_ext.name]: [sys_mssi_infocore]
[ro.product.vendor.brand]: [alps]
[ro.product.vendor.device]: [skylark]
[ro.product.vendor.manufacturer]: [alps]
[ro.product.vendor.model]: [skylark]
[ro.product.vendor.name]: [vnd_skylark]
[ro.product.vendor_dlkm.brand]: [alps]
[ro.product.vendor_dlkm.device]: [skylark]
[ro.product.vendor_dlkm.manufacturer]: [alps]
[ro.product.vendor_dlkm.model]: [skylark]
[ro.product.vendor_dlkm.name]: [vnd_skylark]
[ro.product.vndk.version]: [33]
[ro.property_service.version]: [2]
[ro.revision]: [0]
[ro.secure]: [1]
[ro.serialno]: [0123456789ABCDEF]
[ro.sf.lcd_density]: [160]
[ro.soc.manufacturer]: [Mediatek]
[ro.soc.model]: [MT2713V/MQ]
[ro.surface_flinger.force_hwc_copy_for_virtual_displays]: [true]
[ro.surface_flinger.max_frame_buffer_acquired_buffers]: [3]
[ro.surface_flinger.primary_display_orientation]: [ORIENTATION_0]
[ro.surface_flinger.vsync_event_phase_offset_ns]: []
[ro.surface_flinger.vsync_sf_event_phase_offset_ns]: []
[ro.sys.usb.bicr]: [no]
[ro.sys.usb.charging.only]: [yes]
[ro.sys.usb.mtp.whql.enable]: [0]
[ro.sys.usb.storage.type]: [mtp]
[ro.system.build.date]: [Thu Nov  6 19:45:40 UTC 2025]
[ro.system.build.date.utc]: [1762458340]
[ro.system.build.fingerprint]: [alps/sys_mssi_infocore/mssi_infocore:13/R03.23_PUNICG_G3S2I_UF0000U071125A/38:user/dev-keys]
[ro.system.build.id]: [R03.23_PUNICG_G3S2I_UF0000U071125A]
[ro.system.build.tags]: [dev-keys]
[ro.system.build.type]: [user]
[ro.system.build.version.incremental]: [38]
[ro.system.build.version.release]: [13]
[ro.system.build.version.release_or_codename]: [13]
[ro.system.build.version.sdk]: [33]
[ro.system.product.cpu.abilist]: [arm64-v8a,armeabi-v7a,armeabi]
[ro.system.product.cpu.abilist32]: [armeabi-v7a,armeabi]
[ro.system.product.cpu.abilist64]: [arm64-v8a]
[ro.system_dlkm.build.date]: [Thu Nov  6 20:28:24 UTC 2025]
[ro.system_dlkm.build.date.utc]: [1762460904]
[ro.system_dlkm.build.fingerprint]: [alps/vnd_skylark/skylark:13/R03.23_PUNICG_G3S2I_UF0000U071125A/38:user/test-keys]
[ro.system_dlkm.build.id]: [R03.23_PUNICG_G3S2I_UF0000U071125A]
[ro.system_dlkm.build.tags]: [test-keys]
[ro.system_dlkm.build.type]: [user]
[ro.system_dlkm.build.version.incremental]: [38]
[ro.system_dlkm.build.version.release]: [13]
[ro.system_dlkm.build.version.release_or_codename]: [13]
[ro.system_dlkm.build.version.sdk]: [33]
[ro.system_ext.build.date]: [Thu Nov  6 19:45:40 UTC 2025]
[ro.system_ext.build.date.utc]: [1762458340]
[ro.system_ext.build.fingerprint]: [alps/sys_mssi_infocore/mssi_infocore:13/R03.23_PUNICG_G3S2I_UF0000U071125A/38:user/dev-keys]
[ro.system_ext.build.id]: [R03.23_PUNICG_G3S2I_UF0000U071125A]
[ro.system_ext.build.tags]: [dev-keys]
[ro.system_ext.build.type]: [user]
[ro.system_ext.build.version.incremental]: [38]
[ro.system_ext.build.version.release]: [13]
[ro.system_ext.build.version.release_or_codename]: [13]
[ro.system_ext.build.version.sdk]: [33]
[ro.tatax4.config.themecurrent]: [1]
[ro.telephony.default_network]: [0,0,0,0]
[ro.telephony.iwlan_operation_mode]: [AP-assisted]
[ro.treble.enabled]: [true]
[ro.vendor.ap_info_monitor]: [0]
[ro.vendor.api_level]: [33]
[ro.vendor.arm.egl.configs.r10_g10_b10_a2_32bit_fixed.framebuffer_target]: [false]
[ro.vendor.arm.egl.configs.r10_g10_b10_a2_32bit_fixed.hal_format]: [0x2b]
[ro.vendor.arm.egl.configs.r10_g10_b10_a2_32bit_fixed.recordable]: [false]
[ro.vendor.arm.egl.configs.r16_g16_b16_a16_64bit_float.framebuffer_target]: [false]
[ro.vendor.arm.egl.configs.r16_g16_b16_a16_64bit_float.hal_format]: [0x16]
[ro.vendor.arm.egl.configs.r16_g16_b16_a16_64bit_float.recordable]: [false]
[ro.vendor.arm.egl.configs.r5_g6_b5_a0_16bit_fixed.framebuffer_target]: [false]
[ro.vendor.arm.egl.configs.r5_g6_b5_a0_16bit_fixed.hal_format]: [0x4]
[ro.vendor.arm.egl.configs.r5_g6_b5_a0_16bit_fixed.recordable]: [false]
[ro.vendor.arm.egl.configs.r8_g8_b8_a0_24bit_fixed.framebuffer_target]: [false]
[ro.vendor.arm.egl.configs.r8_g8_b8_a0_24bit_fixed.hal_format]: [0x2]
[ro.vendor.arm.egl.configs.r8_g8_b8_a0_24bit_fixed.recordable]: [false]
[ro.vendor.arm.egl.configs.r8_g8_b8_a0_24bit_yuv_special.framebuffer_target]: [false]
[ro.vendor.arm.egl.configs.r8_g8_b8_a0_24bit_yuv_special.hal_format]: [0x23]
[ro.vendor.arm.egl.configs.r8_g8_b8_a0_32bit_fixed.framebuffer_target]: [false]
[ro.vendor.arm.egl.configs.r8_g8_b8_a0_32bit_fixed.hal_format]: [0x2]
[ro.vendor.arm.egl.configs.r8_g8_b8_a0_32bit_fixed.recordable]: [false]
[ro.vendor.arm.egl.configs.r8_g8_b8_a8_32bit_fixed.framebuffer_target]: [false]
[ro.vendor.arm.egl.configs.r8_g8_b8_a8_32bit_fixed.hal_format]: [0x1]
[ro.vendor.arm.egl.configs.r8_g8_b8_a8_32bit_fixed.recordable]: [true]
[ro.vendor.bt.connac3]: [no]
[ro.vendor.bt.platform]: [connac1x]
[ro.vendor.build.date]: [Thu Nov  6 20:28:24 UTC 2025]
[ro.vendor.build.date.utc]: [1762460904]
[ro.vendor.build.fingerprint]: [alps/vnd_skylark/skylark:13/R03.23_PUNICG_G3S2I_UF0000U071125A/38:user/test-keys]
[ro.vendor.build.id]: [R03.23_PUNICG_G3S2I_UF0000U071125A]
[ro.vendor.build.security_patch]: [2024-02-05]
[ro.vendor.build.tags]: [test-keys]
[ro.vendor.build.type]: [user]
[ro.vendor.build.version.incremental]: [38]
[ro.vendor.build.version.release]: [13]
[ro.vendor.build.version.release_or_codename]: [13]
[ro.vendor.build.version.sdk]: [33]
[ro.vendor.camera.aishutter.support]: [1]
[ro.vendor.camera.directfdyuv.support]: [1]
[ro.vendor.camera.insensorzoom.support]: [0]
[ro.vendor.camera.isp.support.colorspace]: [0]
[ro.vendor.camera3.zsl.default]: [140]
[ro.vendor.composer_version]: [2.1]
[ro.vendor.connsys.dedicated.log]: [1]
[ro.vendor.connsys.dedicated.log.port]: [bt,wifi,gps,mcu]
[ro.vendor.gps.chrdev]: [gps_drv_stp]
[ro.vendor.init.sensor.rc]: [init.sensor_2_0.rc]
[ro.vendor.jpeg_decode_sw_opt]: [1]
[ro.vendor.md_auto_setup_ims]: [1]
[ro.vendor.md_prop_ver]: [1]
[ro.vendor.mediatek.platform]: [mt8188]
[ro.vendor.mediatek.rsc_name]: [default]
[ro.vendor.mediatek.version.branch]: [alps-mp-t0.mp5]
[ro.vendor.mediatek.version.release]: [alps-mp-t0.mp5-V6]
[ro.vendor.mml.mtk_mml_support]: [0]
[ro.vendor.mtk.bt_sap_enable]: [true]
[ro.vendor.mtk.sensor.support]: [yes]
[ro.vendor.mtk_aal_support]: [1]
[ro.vendor.mtk_audio_alac_support]: [1]
[ro.vendor.mtk_audio_tuning_tool_ver]: [V2.2]
[ro.vendor.mtk_backlight_hwc_support]: [0]
[ro.vendor.mtk_besloudness_support]: [1]
[ro.vendor.mtk_blulight_def_support]: [1]
[ro.vendor.mtk_c2k_lte_mode]: [0]
[ro.vendor.mtk_cam_security_support]: [0]
[ro.vendor.mtk_camera_app_version]: [3]
[ro.vendor.mtk_config_max_dram_size]: [0x800000000]
[ro.vendor.mtk_data_config]: [1]
[ro.vendor.mtk_dv_hdr_support]: [0]
[ro.vendor.mtk_eccci_c2k]: [1]
[ro.vendor.mtk_emmc_support]: [1]
[ro.vendor.mtk_external_sim_only_slots]: [0]
[ro.vendor.mtk_f2fs_enable]: [1]
[ro.vendor.mtk_factory_pq_support]: [0]
[ro.vendor.mtk_flv_playback_support]: [1]
[ro.vendor.mtk_gps_support]: [1]
[ro.vendor.mtk_hdr_video_support]: [1]
[ro.vendor.mtk_hifiaudio_support]: [1]
[ro.vendor.mtk_log_hide_gps]: [1]
[ro.vendor.mtk_mcf_support]: [1]
[ro.vendor.mtk_md_world_mode_support]: [1]
[ro.vendor.mtk_mobile_management]: [1]
[ro.vendor.mtk_mvpu_security_support]: [0]
[ro.vendor.mtk_nn.option]: [A,B,C,D,E,F,G,Z]
[ro.vendor.mtk_nn_quant_preferred]: [1]
[ro.vendor.mtk_nn_support]: [1]
[ro.vendor.mtk_op_tee_support]: [1]
[ro.vendor.mtk_ovl_bringup]: [0]
[ro.vendor.mtk_power_off_alarm_test]: [1]
[ro.vendor.mtk_pq_color_mode]: [3]
[ro.vendor.mtk_pq_support]: [2]
[ro.vendor.mtk_prefer_64bit_proc]: [0]
[ro.vendor.mtk_protocol1_rat_config]: [no]
[ro.vendor.mtk_ps1_rat]: [no]
[ro.vendor.mtk_ril_mode]: [c6m_1rild]
[ro.vendor.mtk_sim_card_onoff]: [0]
[ro.vendor.mtk_slow_motion_support]: [1]
[ro.vendor.mtk_telephony_add_on_policy]: [0]
[ro.vendor.mtk_thermal_2_0]: [1]
[ro.vendor.mtk_ufs_support]: [1]
[ro.vendor.mtk_video_hevc_enc_support]: [1]
[ro.vendor.mtk_wappush_support]: [1]
[ro.vendor.mtk_wfd_support]: [1]
[ro.vendor.mtk_widevine_drm_l3_support]: [1]
[ro.vendor.mtk_world_phone_policy]: [0]
[ro.vendor.net.upload.mark.default]: [blocking]
[ro.vendor.pq.mtk_aal_support]: [1]
[ro.vendor.pq.mtk_ai_scence_pq_support]: [0]
[ro.vendor.pq.mtk_ai_sdr_to_hdr_support]: [0]
[ro.vendor.pq.mtk_backlight_smooth_support]: [0]
[ro.vendor.pq.mtk_blulight_def_support]: [1]
[ro.vendor.pq.mtk_caltm_support]: [0]
[ro.vendor.pq.mtk_clearzoom_support]: [1]
[ro.vendor.pq.mtk_dc_support]: [0]
[ro.vendor.pq.mtk_disp_c3d_support]: [0]
[ro.vendor.pq.mtk_disp_ccorr_support]: [1]
[ro.vendor.pq.mtk_disp_color_support]: [1]
[ro.vendor.pq.mtk_disp_game_pq_support]: [1]
[ro.vendor.pq.mtk_disp_gamma_support]: [1]
[ro.vendor.pq.mtk_disp_tdshp_support]: [0]
[ro.vendor.pq.mtk_dre30_support]: [0]
[ro.vendor.pq.mtk_ds_support]: [1]
[ro.vendor.pq.mtk_hdr10_plus_recording_support]: [0]
[ro.vendor.pq.mtk_hfg_support]: [1]
[ro.vendor.pq.mtk_mdp_ccorr_support]: [1]
[ro.vendor.pq.mtk_pq_interface_support]: [0]
[ro.vendor.pq.mtk_pq_video_whitelist_support]: [0]
[ro.vendor.pq.mtk_scltm_support]: [1]
[ro.vendor.pq.mtk_ultra_dimming_support]: [0]
[ro.vendor.pq.mtk_ultra_resolution_support]: [0]
[ro.vendor.pq.mtk_video_transition]: [0]
[ro.vendor.pref_scale_enable_cfg]: [1]
[ro.vendor.product.cpu.abilist]: [arm64-v8a,armeabi-v7a,armeabi]
[ro.vendor.product.cpu.abilist32]: [armeabi-v7a,armeabi]
[ro.vendor.product.cpu.abilist64]: [arm64-v8a]
[ro.vendor.rc]: [/vendor/etc/init/hw/]
[ro.vendor.sim_me_lock_mode]: [0]
[ro.vendor.smvr.p2batch.fhd]: [8]
[ro.vendor.smvr.p2batch.hd]: [16]
[ro.vendor.smvr.p2batch.vga]: [32]
[ro.vendor.soc.manufacturer]: [Mediatek]
[ro.vendor.soc.model]: [MT2713V/MQ]
[ro.vendor.soc.model.external_name]: [MT2713V/MQ]
[ro.vendor.soc.model_ready]: [1]
[ro.vendor.sys.current_rsc_path]: [/system/etc/rsc/default]
[ro.vendor.usb.kpoc_adb]: [0]
[ro.vendor.vnd.current_rsc_path]: [/vendor/etc/rsc/default]
[ro.vendor.wfd.dummy.enable]: [0]
[ro.vendor.wfd.iframesize.level]: [0]
[ro.vendor.wifi.sap.concurrent.iface]: [ap1]
[ro.vendor.wifi.sap.interface]: [ap0]
[ro.vendor.wlan.chrdev]: [wmt_chrdev_wifi]
[ro.vendor.wlan.gen]: [gen3]
[ro.vendor_dlkm.build.date]: [Thu Nov  6 20:28:24 UTC 2025]
[ro.vendor_dlkm.build.date.utc]: [1762460904]
[ro.vendor_dlkm.build.fingerprint]: [alps/vnd_skylark/skylark:13/R03.23_PUNICG_G3S2I_UF0000U071125A/38:user/test-keys]
[ro.vendor_dlkm.build.id]: [R03.23_PUNICG_G3S2I_UF0000U071125A]
[ro.vendor_dlkm.build.tags]: [test-keys]
[ro.vendor_dlkm.build.type]: [user]
[ro.vendor_dlkm.build.version.incremental]: [38]
[ro.vendor_dlkm.build.version.release]: [13]
[ro.vendor_dlkm.build.version.release_or_codename]: [13]
[ro.vendor_dlkm.build.version.sdk]: [33]
[ro.vndk.version]: [33]
[ro.wifi.channels]: []
[ro.zygote]: [zygote64_32]
[ro.zygote.preload.enable]: [0]
[security.perf_harden]: [1]
[selinux.restorecon_recursive]: [/data/misc_ce/0]
[service.bootanim.exit]: [1]
[service.bootanim.progress]: [0]
[service.sf.present_timestamp]: [1]
[sys.boot.reason]: [cold,charger]
[sys.boot.reason.last]: [shutdown,]
[sys.boot_completed]: [1]
[sys.bootstat.first_boot_completed]: [0]
[sys.fuse.transcode_enabled]: [true]
[sys.ipo.disable]: [1]
[sys.ipo.pwrdncap]: [2]
[sys.lmk.minfree_levels]: [18432:0,23040:100,27648:200,32256:250,55296:900,80640:950]
[sys.lmk.reportkills]: [1]
[sys.oem_unlock_allowed]: [0]
[sys.rescue_boot_count]: [1]
[sys.retaildemo.enabled]: [0]
[sys.sysctl.extra_free_kbytes]: [16200]
[sys.system_server.start_count]: [1]
[sys.system_server.start_elapsed]: [16455]
[sys.system_server.start_uptime]: [16455]
[sys.trace.traced_started]: [1]
[sys.usb.config]: [adb]
[sys.usb.configfs]: [1]
[sys.usb.controller]: [11201000.usb1]
[sys.usb.ffs.aio_compat]: [1]
[sys.usb.ffs.ready]: [1]
[sys.usb.state]: [adb]
[sys.use_memfd]: [false]
[sys.user.0.ce_available]: [true]
[sys.wifitracing.started]: [0]
[vendor.all.modules.ready]: [1]
[vendor.animation.done]: [1]
[vendor.bluetooth.ldac.abr]: [tr